[02:17:55] [main/INFO]: Loading Minecraft 1.21.11 with Fabric Loader 0.18.2
[02:17:55] [main/INFO]: Loading 4 mods:
	- fabricloader 0.18.2
	   \-- mixinextras 0.5.0
	- java 21
	- minecraft 1.21.11
[02:17:55] [main/INFO]: SpongePowered MIXIN Subsystem Version=0.8.7 Source=file:/workspaces/kulo/servidor_minecraft/libraries/net/fabricmc/sponge-mixin/0.16.5+mixin.0.8.7/sponge-mixin-0.16.5+mixin.0.8.7.jar Service=Knot/Fabric Env=SERVER
[02:18:01] [main/INFO]: Environment: Environment[sessionHost=https://sessionserver.mojang.com, servicesHost=https://api.minecraftservices.com, profilesHost=https://api.mojang.com, name=PROD]
[02:18:03] [main/INFO]: Loaded 1470 recipes
[02:18:03] [main/INFO]: Loaded 1584 advancements
[02:18:03] [Server thread/INFO]: Starting minecraft server version 1.21.11
[02:18:03] [Server thread/INFO]: Loading properties
[02:18:03] [Server thread/INFO]: Default game type: SURVIVAL
[02:18:03] [Server thread/INFO]: Generating keypair
[02:18:03] [Server thread/INFO]: Starting Minecraft server on *:25565
[02:18:03] [Server thread/WARN]: **** SERVER IS RUNNING IN OFFLINE/INSECURE MODE!
[02:18:03] [Server thread/WARN]: The server will make no attempt to authenticate usernames. Beware.
[02:18:03] [Server thread/WARN]: While this makes the game possible to play without internet access, it also opens up the ability for hackers to connect with any username they choose.
[02:18:03] [Server thread/WARN]: To change this, set "online-mode" to "true" in the server.properties file.
[02:18:03] [Server thread/INFO]: Preparing level "world"
[02:18:04] [Server thread/INFO]: Loading 0 persistent chunks...
[02:18:04] [Server thread/INFO]: Preparing spawn area: 100%
[02:18:04] [Server thread/INFO]: Time elapsed: 16 ms
[02:18:04] [Server thread/INFO]: Done (0.435s)! For help, type "help"
[02:19:00] [Server thread/INFO]: Dxnz3l[/127.19.221.112:53845] logged in with entity id 25 at (1.5, 96.0, 10.5)
[02:19:00] [Server thread/INFO]: Dxnz3l joined the game
[02:21:38] [Server thread/INFO]: Dxnz3l has made the advancement [Stone Age]
[02:21:46] [Server thread/INFO]: Dxnz3l has made the advancement [Getting an Upgrade]
[02:27:44] [Server thread/INFO]: Dxnz3l has made the advancement [Sweet Dreams]
[02:32:56] [Server thread/INFO]: Dxnz3l lost connection: Disconnected
[02:32:56] [Server thread/INFO]: Dxnz3l left the game
[02:33:56] [Server thread/INFO]: Server empty for 60 seconds, pausing
